# file opened: c:\Users\cpujo\Desktop\Aoc\MasterMind\SlotXY.asm
 1    0000              slot_XY:
 2    0000 21 49 58             ld hl,$5849;slot1
c:\Users\cpujo\Desktop\Aoc\MasterMind\SlotXY.asm(3): error: Label not found: intento_actual
 3    0003 3A 00 00             ld a,(intento_actual);mete el numero de intento en a
 4    0006
 5    0006 11 40 00             ld de,$40; de lo uso para sumar
 6    0009 47                    ld b,a;b es igual a
 7    000A              BucleFila:
 8    000A 19                   add hl,de
 9    000B 10 FD                djnz BucleFila
10    000D C9                   RET
11    000E              pause:
12    000E 21 10 27         ld hl,10000
13    0011              pausa:
14    0011 2B               dec hl
15    0012 7C               ld a,h
16    0013 B5               or l
17    0014 C2 11 00         jp nz,pausa
18    0017 C9               RET
# file closed: c:\Users\cpujo\Desktop\Aoc\MasterMind\SlotXY.asm
